<?xml version="1.0" encoding="UTF-8"?>
<!-- Generated by org.testng.reporters.JUnitXMLReporter -->
<testsuite ignored="0" hostname="Amit" failures="0" tests="13" name="TestAccount" time="0.139" errors="0" timestamp="2021-04-23T15:14:37 IST">
  <testcase classname="QualitykioskTraining.AccountSystemAPI.TestAccount" name="TestDepositeAmount" time="0.015"/>
  <testcase classname="QualitykioskTraining.AccountSystemAPI.TestAccount" name="TestDepositeAmount1" time="0.002"/>
  <testcase classname="QualitykioskTraining.AccountSystemAPI.TestAccount" name="TestDepositeAmountWithNegativeAmount" time="0.002"/>
  <testcase classname="QualitykioskTraining.AccountSystemAPI.TestAccount" name="TestSalaryAccountType" time="0.004"/>
  <testcase classname="QualitykioskTraining.AccountSystemAPI.TestAccount" name="TestSavingAccountType" time="0.004"/>
  <testcase classname="QualitykioskTraining.AccountSystemAPI.TestAccount" name="TestGetBalanceWithInitialBalance" time="0.001"/>
  <testcase classname="QualitykioskTraining.AccountSystemAPI.TestAccount" name="TestWithdrawAmount" time="0.002"/>
  <testcase classname="QualitykioskTraining.AccountSystemAPI.TestAccount" name="TestDataDrivenTest" time="0.003"/>
  <testcase classname="QualitykioskTraining.AccountSystemAPI.TestAccount" name="TestDataDrivenTest" time="0.002"/>
  <testcase classname="QualitykioskTraining.AccountSystemAPI.TestAccount" name="TestDataDrivenTest" time="0.001"/>
  <testcase classname="QualitykioskTraining.AccountSystemAPI.TestAccount" name="TestWithdrawAmountWithZeroBalance" time="0.002"/>
  <testcase classname="QualitykioskTraining.AccountSystemAPI.TestAccount" name="TestWithdrawAmountWithZNegativeAmount" time="0.002"/>
  <testcase classname="QualitykioskTraining.AccountSystemAPI.TestAccount" name="TestEarnInterest" time="0.003"/>
</testsuite> <!-- TestAccount -->
