<?xml version="1.0" encoding="UTF-8"?>
<!-- Generated by org.testng.reporters.JUnitXMLReporter -->
<testsuite ignored="7" hostname="Amit" failures="0" tests="4" name="TestAccount" time="0.112" errors="0" timestamp="2021-04-23T15:14:03 IST">
  <testcase classname="QualitykioskTraining.AccountSystemAPI.TestAccount" name="TestWithdrawAmount" time="0.013"/>
  <testcase classname="QualitykioskTraining.AccountSystemAPI.TestAccount" name="TestWithdrawAmountWithZeroBalance" time="0.002"/>
  <testcase classname="QualitykioskTraining.AccountSystemAPI.TestAccount" name="TestWithdrawAmountWithZNegativeAmount" time="0.002"/>
  <testcase classname="QualitykioskTraining.AccountSystemAPI.TestAccount" name="TestEarnInterest" time="0.002"/>
  <testcase classname="QualitykioskTraining.AccountSystemAPI.TestAccount" name="TestDepositeAmount1" time="0.0">
    <ignored/>
  </testcase> <!-- TestDepositeAmount1 -->
  <testcase classname="QualitykioskTraining.AccountSystemAPI.TestAccount" name="TestDepositeAmountWithNegativeAmount" time="0.0">
    <ignored/>
  </testcase> <!-- TestDepositeAmountWithNegativeAmount -->
  <testcase classname="QualitykioskTraining.AccountSystemAPI.TestAccount" name="TestDepositeAmount" time="0.0">
    <ignored/>
  </testcase> <!-- TestDepositeAmount -->
  <testcase classname="QualitykioskTraining.AccountSystemAPI.TestAccount" name="TestSavingAccountType" time="0.0">
    <ignored/>
  </testcase> <!-- TestSavingAccountType -->
  <testcase classname="QualitykioskTraining.AccountSystemAPI.TestAccount" name="TestGetBalanceWithInitialBalance" time="0.0">
    <ignored/>
  </testcase> <!-- TestGetBalanceWithInitialBalance -->
  <testcase classname="QualitykioskTraining.AccountSystemAPI.TestAccount" name="TestSalaryAccountType" time="0.0">
    <ignored/>
  </testcase> <!-- TestSalaryAccountType -->
  <testcase classname="QualitykioskTraining.AccountSystemAPI.TestAccount" name="TestDataDrivenTest" time="0.0">
    <ignored/>
  </testcase> <!-- TestDataDrivenTest -->
</testsuite> <!-- TestAccount -->
